<?xml version="1.0" encoding="UTF-8"?>
<!-- Generated by org.testng.reporters.JUnitReportReporter -->
<testsuite hostname="MWEB-GBD3DUC041" name="ajatest.Login" tests="1" failures="0" timestamp="25 May 2016 08:49:43 GMT" time="80.753" errors="0">
  <testcase name="login" time="80.753" classname="ajatest.Login"/>
</testsuite> <!-- ajatest.Login -->
